<?xml version="1.0" encoding="UTF-8"?>
<testng-results ignored="0" total="1" passed="1" failed="0" skipped="0">
  <reporter-output>
    <line>
      <![CDATA[Database connected successfully]]>
    </line>
    <line>
      <![CDATA[Browser launched]]>
    </line>
    <line>
      <![CDATA[Logged in successfully]]>
    </line>
    <line>
      <![CDATA[Logged out successfully]]>
    </line>
    <line>
      <![CDATA[browser close]]>
    </line>
    <line>
      <![CDATA[Database disconnected succesfully]]>
    </line>
  </reporter-output>
  <suite started-at="2023-03-30T12:03:00 IST" name="Default suite" finished-at="2023-03-30T12:03:48 IST" duration-ms="47835">
    <groups>
    </groups>
    <test started-at="2023-03-30T12:03:00 IST" name="Default test" finished-at="2023-03-30T12:03:48 IST" duration-ms="47835">
      <class name="com.Actitime.Testscripts.Task_Test">
        <test-method is-config="true" signature="databaseconnection()[pri:0, instance:com.Actitime.Testscripts.Task_Test@4229bb3f]" started-at="2023-03-30T12:03:00 IST" name="databaseconnection" finished-at="2023-03-30T12:03:00 IST" duration-ms="12" status="PASS">
          <reporter-output>
            <line>
              <![CDATA[Database connected successfully]]>
            </line>
          </reporter-output>
        </test-method> <!-- databaseconnection -->
        <test-method is-config="true" signature="launchbrowser()[pri:0, instance:com.Actitime.Testscripts.Task_Test@4229bb3f]" started-at="2023-03-30T12:03:00 IST" name="launchbrowser" finished-at="2023-03-30T12:03:27 IST" duration-ms="26139" status="PASS">
          <reporter-output>
            <line>
              <![CDATA[Browser launched]]>
            </line>
          </reporter-output>
        </test-method> <!-- launchbrowser -->
        <test-method is-config="true" signature="login()[pri:0, instance:com.Actitime.Testscripts.Task_Test@4229bb3f]" started-at="2023-03-30T12:03:27 IST" name="login" finished-at="2023-03-30T12:03:28 IST" duration-ms="1247" status="PASS">
          <reporter-output>
            <line>
              <![CDATA[Logged in successfully]]>
            </line>
          </reporter-output>
        </test-method> <!-- login -->
        <test-method signature="createCustomer()[pri:0, instance:com.Actitime.Testscripts.Task_Test@4229bb3f]" started-at="2023-03-30T12:03:28 IST" name="createCustomer" finished-at="2023-03-30T12:03:43 IST" duration-ms="15617" status="PASS">
          <reporter-output>
          </reporter-output>
        </test-method> <!-- createCustomer -->
        <test-method is-config="true" signature="logout()[pri:0, instance:com.Actitime.Testscripts.Task_Test@4229bb3f]" started-at="2023-03-30T12:03:43 IST" name="logout" finished-at="2023-03-30T12:03:48 IST" duration-ms="4324" status="PASS">
          <reporter-output>
            <line>
              <![CDATA[Logged out successfully]]>
            </line>
          </reporter-output>
        </test-method> <!-- logout -->
        <test-method is-config="true" signature="closeBrowser()[pri:0, instance:com.Actitime.Testscripts.Task_Test@4229bb3f]" started-at="2023-03-30T12:03:48 IST" name="closeBrowser" finished-at="2023-03-30T12:03:48 IST" duration-ms="448" status="PASS">
          <reporter-output>
            <line>
              <![CDATA[browser close]]>
            </line>
          </reporter-output>
        </test-method> <!-- closeBrowser -->
        <test-method is-config="true" signature="databasedisconnection()[pri:0, instance:com.Actitime.Testscripts.Task_Test@4229bb3f]" started-at="2023-03-30T12:03:48 IST" name="databasedisconnection" finished-at="2023-03-30T12:03:48 IST" duration-ms="0" status="PASS">
          <reporter-output>
            <line>
              <![CDATA[Database disconnected succesfully]]>
            </line>
          </reporter-output>
        </test-method> <!-- databasedisconnection -->
      </class> <!-- com.Actitime.Testscripts.Task_Test -->
    </test> <!-- Default test -->
  </suite> <!-- Default suite -->
</testng-results>
